{
  "stats": {
    "suites": 9,
    "tests": 51,
    "passes": 51,
    "pending": 0,
    "failures": 0,
    "start": "2020-11-09T15:30:03.095Z",
    "end": "2020-11-09T15:30:03.256Z",
    "duration": 161,
    "testsRegistered": 51,
    "passPercent": 100,
    "pendingPercent": 0,
    "other": 0,
    "hasOther": false,
    "skipped": 0,
    "hasSkipped": false
  },
  "results": [
    {
      "uuid": "37ed8aea-ca87-4e31-af06-1c964aec9ac0",
      "title": "",
      "fullFile": "",
      "file": "",
      "beforeHooks": [],
      "afterHooks": [],
      "tests": [],
      "suites": [
        {
          "uuid": "699a0424-1564-464f-9a5e-979762b8bbd9",
          "title": "注册接口测试",
          "fullFile": "/Users/yuwen/Documents/xianyun-server/test/sql/logon.test.js",
          "file": "/logon.test.js",
          "beforeHooks": [],
          "afterHooks": [],
          "tests": [
            {
              "title": "注册一个用户: 123456-123456(true)",
              "fullTitle": "注册接口测试 注册一个用户: 123456-123456(true)",
              "timedOut": false,
              "duration": 2,
              "state": "passed",
              "speed": "fast",
              "pass": true,
              "fail": false,
              "pending": false,
              "context": null,
              "code": "request(\n  {\n    url: server + url,\n    method: 'POST',\n    headers: {\n      Accept: 'application/json',\n      'Content-Type': 'application/x-www-form-urlencoded'\n    },\n    body\n  },\n  function(error, response, body) {\n    const code = JSON.parse(body).code;\n    error && console.error(error.message);\n    isTrue && assert.equal(code, 200);\n    !isTrue && assert.notEqual(code, 200);\n    callback && callback(body);\n  }\n);",
              "err": {},
              "uuid": "b027a122-01a6-4da0-8598-208d6a887460",
              "parentUUID": "699a0424-1564-464f-9a5e-979762b8bbd9",
              "isHook": false,
              "skipped": false
            },
            {
              "title": "注册一个用户: aaa-bbb(true)",
              "fullTitle": "注册接口测试 注册一个用户: aaa-bbb(true)",
              "timedOut": false,
              "duration": 0,
              "state": "passed",
              "speed": "fast",
              "pass": true,
              "fail": false,
              "pending": false,
              "context": null,
              "code": "request(\n  {\n    url: server + url,\n    method: 'POST',\n    headers: {\n      Accept: 'application/json',\n      'Content-Type': 'application/x-www-form-urlencoded'\n    },\n    body\n  },\n  function(error, response, body) {\n    const code = JSON.parse(body).code;\n    error && console.error(error.message);\n    isTrue && assert.equal(code, 200);\n    !isTrue && assert.notEqual(code, 200);\n    callback && callback(body);\n  }\n);",
              "err": {},
              "uuid": "10dd5f1c-bf3e-42d6-a05a-5838efa879f4",
              "parentUUID": "699a0424-1564-464f-9a5e-979762b8bbd9",
              "isHook": false,
              "skipped": false
            },
            {
              "title": "注册一个用户: 666666-aaa(true)",
              "fullTitle": "注册接口测试 注册一个用户: 666666-aaa(true)",
              "timedOut": false,
              "duration": 1,
              "state": "passed",
              "speed": "fast",
              "pass": true,
              "fail": false,
              "pending": false,
              "context": null,
              "code": "request(\n  {\n    url: server + url,\n    method: 'POST',\n    headers: {\n      Accept: 'application/json',\n      'Content-Type': 'application/x-www-form-urlencoded'\n    },\n    body\n  },\n  function(error, response, body) {\n    const code = JSON.parse(body).code;\n    error && console.error(error.message);\n    isTrue && assert.equal(code, 200);\n    !isTrue && assert.notEqual(code, 200);\n    callback && callback(body);\n  }\n);",
              "err": {},
              "uuid": "e4633eb7-5513-4b71-b234-ab95fa323be9",
              "parentUUID": "699a0424-1564-464f-9a5e-979762b8bbd9",
              "isHook": false,
              "skipped": false
            },
            {
              "title": "注册一个用户: bbb-888888(true)",
              "fullTitle": "注册接口测试 注册一个用户: bbb-888888(true)",
              "timedOut": false,
              "duration": 1,
              "state": "passed",
              "speed": "fast",
              "pass": true,
              "fail": false,
              "pending": false,
              "context": null,
              "code": "request(\n  {\n    url: server + url,\n    method: 'POST',\n    headers: {\n      Accept: 'application/json',\n      'Content-Type': 'application/x-www-form-urlencoded'\n    },\n    body\n  },\n  function(error, response, body) {\n    const code = JSON.parse(body).code;\n    error && console.error(error.message);\n    isTrue && assert.equal(code, 200);\n    !isTrue && assert.notEqual(code, 200);\n    callback && callback(body);\n  }\n);",
              "err": {},
              "uuid": "1c6115c1-2eec-4786-a5e5-c07ce0a16b5f",
              "parentUUID": "699a0424-1564-464f-9a5e-979762b8bbd9",
              "isHook": false,
              "skipped": false
            },
            {
              "title": "注册一个用户: admin-admin(true)",
              "fullTitle": "注册接口测试 注册一个用户: admin-admin(true)",
              "timedOut": false,
              "duration": 0,
              "state": "passed",
              "speed": "fast",
              "pass": true,
              "fail": false,
              "pending": false,
              "context": null,
              "code": "request(\n  {\n    url: server + url,\n    method: 'POST',\n    headers: {\n      Accept: 'application/json',\n      'Content-Type': 'application/x-www-form-urlencoded'\n    },\n    body\n  },\n  function(error, response, body) {\n    const code = JSON.parse(body).code;\n    error && console.error(error.message);\n    isTrue && assert.equal(code, 200);\n    !isTrue && assert.notEqual(code, 200);\n    callback && callback(body);\n  }\n);",
              "err": {},
              "uuid": "65409e32-3096-49f3-a9c2-0b2fa7688c42",
              "parentUUID": "699a0424-1564-464f-9a5e-979762b8bbd9",
              "isHook": false,
              "skipped": false
            },
            {
              "title": "注册一个用户: 123456-ok(false)",
              "fullTitle": "注册接口测试 注册一个用户: 123456-ok(false)",
              "timedOut": false,
              "duration": 1,
              "state": "passed",
              "speed": "fast",
              "pass": true,
              "fail": false,
              "pending": false,
              "context": null,
              "code": "request(\n  {\n    url: server + url,\n    method: 'POST',\n    headers: {\n      Accept: 'application/json',\n      'Content-Type': 'application/x-www-form-urlencoded'\n    },\n    body\n  },\n  function(error, response, body) {\n    const code = JSON.parse(body).code;\n    error && console.error(error.message);\n    isTrue && assert.equal(code, 200);\n    !isTrue && assert.notEqual(code, 200);\n    callback && callback(body);\n  }\n);",
              "err": {},
              "uuid": "fe3391a9-8811-4788-8ebd-eba315bc90bf",
              "parentUUID": "699a0424-1564-464f-9a5e-979762b8bbd9",
              "isHook": false,
              "skipped": false
            }
          ],
          "suites": [],
          "passes": [
            "b027a122-01a6-4da0-8598-208d6a887460",
            "10dd5f1c-bf3e-42d6-a05a-5838efa879f4",
            "e4633eb7-5513-4b71-b234-ab95fa323be9",
            "1c6115c1-2eec-4786-a5e5-c07ce0a16b5f",
            "65409e32-3096-49f3-a9c2-0b2fa7688c42",
            "fe3391a9-8811-4788-8ebd-eba315bc90bf"
          ],
          "failures": [],
          "pending": [],
          "skipped": [],
          "duration": 5,
          "root": false,
          "rootEmpty": false,
          "_timeout": 2000
        },
        {
          "uuid": "34149ef2-ff36-4e97-a1d5-9a75b233472e",
          "title": "用户登陆接口测试",
          "fullFile": "/Users/yuwen/Documents/xianyun-server/test/sql/login.test.js",
          "file": "/login.test.js",
          "beforeHooks": [],
          "afterHooks": [],
          "tests": [
            {
              "title": "用户登陆: 123456-123456(true)",
              "fullTitle": "用户登陆接口测试 用户登陆: 123456-123456(true)",
              "timedOut": false,
              "duration": 0,
              "state": "passed",
              "speed": "fast",
              "pass": true,
              "fail": false,
              "pending": false,
              "context": null,
              "code": "request(\n  {\n    url: server + url,\n    method: 'POST',\n    headers: {\n      Accept: 'application/json',\n      'Content-Type': 'application/x-www-form-urlencoded'\n    },\n    body\n  },\n  function(error, response, body) {\n    const code = JSON.parse(body).code;\n    error && console.error(error.message);\n    isTrue && assert.equal(code, 200);\n    !isTrue && assert.notEqual(code, 200);\n    callback && callback(body);\n  }\n);",
              "err": {},
              "uuid": "ff2b3dbd-c3d2-4942-a436-814c1f5a9553",
              "parentUUID": "34149ef2-ff36-4e97-a1d5-9a75b233472e",
              "isHook": false,
              "skipped": false
            },
            {
              "title": "用户登陆: aaa-bbb(true)",
              "fullTitle": "用户登陆接口测试 用户登陆: aaa-bbb(true)",
              "timedOut": false,
              "duration": 0,
              "state": "passed",
              "speed": "fast",
              "pass": true,
              "fail": false,
              "pending": false,
              "context": null,
              "code": "request(\n  {\n    url: server + url,\n    method: 'POST',\n    headers: {\n      Accept: 'application/json',\n      'Content-Type': 'application/x-www-form-urlencoded'\n    },\n    body\n  },\n  function(error, response, body) {\n    const code = JSON.parse(body).code;\n    error && console.error(error.message);\n    isTrue && assert.equal(code, 200);\n    !isTrue && assert.notEqual(code, 200);\n    callback && callback(body);\n  }\n);",
              "err": {},
              "uuid": "90c3de90-8873-4eaf-b83f-27f7fb7ed016",
              "parentUUID": "34149ef2-ff36-4e97-a1d5-9a75b233472e",
              "isHook": false,
              "skipped": false
            },
            {
              "title": "用户登陆: 666666-aaa(true)",
              "fullTitle": "用户登陆接口测试 用户登陆: 666666-aaa(true)",
              "timedOut": false,
              "duration": 0,
              "state": "passed",
              "speed": "fast",
              "pass": true,
              "fail": false,
              "pending": false,
              "context": null,
              "code": "request(\n  {\n    url: server + url,\n    method: 'POST',\n    headers: {\n      Accept: 'application/json',\n      'Content-Type': 'application/x-www-form-urlencoded'\n    },\n    body\n  },\n  function(error, response, body) {\n    const code = JSON.parse(body).code;\n    error && console.error(error.message);\n    isTrue && assert.equal(code, 200);\n    !isTrue && assert.notEqual(code, 200);\n    callback && callback(body);\n  }\n);",
              "err": {},
              "uuid": "5bef86cb-a768-41da-addf-ddb37f295c6c",
              "parentUUID": "34149ef2-ff36-4e97-a1d5-9a75b233472e",
              "isHook": false,
              "skipped": false
            },
            {
              "title": "用户登陆: xyz-123456(false)",
              "fullTitle": "用户登陆接口测试 用户登陆: xyz-123456(false)",
              "timedOut": false,
              "duration": 0,
              "state": "passed",
              "speed": "fast",
              "pass": true,
              "fail": false,
              "pending": false,
              "context": null,
              "code": "request(\n  {\n    url: server + url,\n    method: 'POST',\n    headers: {\n      Accept: 'application/json',\n      'Content-Type': 'application/x-www-form-urlencoded'\n    },\n    body\n  },\n  function(error, response, body) {\n    const code = JSON.parse(body).code;\n    error && console.error(error.message);\n    isTrue && assert.equal(code, 200);\n    !isTrue && assert.notEqual(code, 200);\n    callback && callback(body);\n  }\n);",
              "err": {},
              "uuid": "0d68b5b2-5949-4398-bcc3-e0138cbd7516",
              "parentUUID": "34149ef2-ff36-4e97-a1d5-9a75b233472e",
              "isHook": false,
              "skipped": false
            },
            {
              "title": "用户登陆: 666666-bbb(false)",
              "fullTitle": "用户登陆接口测试 用户登陆: 666666-bbb(false)",
              "timedOut": false,
              "duration": 0,
              "state": "passed",
              "speed": "fast",
              "pass": true,
              "fail": false,
              "pending": false,
              "context": null,
              "code": "request(\n  {\n    url: server + url,\n    method: 'POST',\n    headers: {\n      Accept: 'application/json',\n      'Content-Type': 'application/x-www-form-urlencoded'\n    },\n    body\n  },\n  function(error, response, body) {\n    const code = JSON.parse(body).code;\n    error && console.error(error.message);\n    isTrue && assert.equal(code, 200);\n    !isTrue && assert.notEqual(code, 200);\n    callback && callback(body);\n  }\n);",
              "err": {},
              "uuid": "6218c181-5c66-4f31-aa96-cac9431adb4d",
              "parentUUID": "34149ef2-ff36-4e97-a1d5-9a75b233472e",
              "isHook": false,
              "skipped": false
            },
            {
              "title": "用户登陆: OOO-ooo(false)",
              "fullTitle": "用户登陆接口测试 用户登陆: OOO-ooo(false)",
              "timedOut": false,
              "duration": 0,
              "state": "passed",
              "speed": "fast",
              "pass": true,
              "fail": false,
              "pending": false,
              "context": null,
              "code": "request(\n  {\n    url: server + url,\n    method: 'POST',\n    headers: {\n      Accept: 'application/json',\n      'Content-Type': 'application/x-www-form-urlencoded'\n    },\n    body\n  },\n  function(error, response, body) {\n    const code = JSON.parse(body).code;\n    error && console.error(error.message);\n    isTrue && assert.equal(code, 200);\n    !isTrue && assert.notEqual(code, 200);\n    callback && callback(body);\n  }\n);",
              "err": {},
              "uuid": "e2e3314d-b84b-4c77-84c5-bb28696b317e",
              "parentUUID": "34149ef2-ff36-4e97-a1d5-9a75b233472e",
              "isHook": false,
              "skipped": false
            }
          ],
          "suites": [],
          "passes": [
            "ff2b3dbd-c3d2-4942-a436-814c1f5a9553",
            "90c3de90-8873-4eaf-b83f-27f7fb7ed016",
            "5bef86cb-a768-41da-addf-ddb37f295c6c",
            "0d68b5b2-5949-4398-bcc3-e0138cbd7516",
            "6218c181-5c66-4f31-aa96-cac9431adb4d",
            "e2e3314d-b84b-4c77-84c5-bb28696b317e"
          ],
          "failures": [],
          "pending": [],
          "skipped": [],
          "duration": 0,
          "root": false,
          "rootEmpty": false,
          "_timeout": 2000
        },
        {
          "uuid": "43bebbe3-db9b-4a88-be79-1de0f32b9d85",
          "title": "修改密码接口测试",
          "fullFile": "/Users/yuwen/Documents/xianyun-server/test/sql/modifyPassword.test.js",
          "file": "/modifyPassword.test.js",
          "beforeHooks": [],
          "afterHooks": [],
          "tests": [
            {
              "title": "修改一个用户的密码: 123456-123456-999999(true)",
              "fullTitle": "修改密码接口测试 修改一个用户的密码: 123456-123456-999999(true)",
              "timedOut": false,
              "duration": 0,
              "state": "passed",
              "speed": "fast",
              "pass": true,
              "fail": false,
              "pending": false,
              "context": null,
              "code": "request(\n  {\n    url: server + url,\n    method: 'POST',\n    headers: {\n      Accept: 'application/json',\n      'Content-Type': 'application/x-www-form-urlencoded'\n    },\n    body\n  },\n  function(error, response, body) {\n    const code = JSON.parse(body).code;\n    error && console.error(error.message);\n    isTrue && assert.equal(code, 200);\n    !isTrue && assert.notEqual(code, 200);\n    callback && callback(body);\n  }\n);",
              "err": {},
              "uuid": "fe690d47-f736-4f1f-877a-ece00b467e31",
              "parentUUID": "43bebbe3-db9b-4a88-be79-1de0f32b9d85",
              "isHook": false,
              "skipped": false
            },
            {
              "title": "修改一个用户的密码: 123456-654321-654321(false)",
              "fullTitle": "修改密码接口测试 修改一个用户的密码: 123456-654321-654321(false)",
              "timedOut": false,
              "duration": 0,
              "state": "passed",
              "speed": "fast",
              "pass": true,
              "fail": false,
              "pending": false,
              "context": null,
              "code": "request(\n  {\n    url: server + url,\n    method: 'POST',\n    headers: {\n      Accept: 'application/json',\n      'Content-Type': 'application/x-www-form-urlencoded'\n    },\n    body\n  },\n  function(error, response, body) {\n    const code = JSON.parse(body).code;\n    error && console.error(error.message);\n    isTrue && assert.equal(code, 200);\n    !isTrue && assert.notEqual(code, 200);\n    callback && callback(body);\n  }\n);",
              "err": {},
              "uuid": "b419935a-de49-4b01-bad4-3572538bf218",
              "parentUUID": "43bebbe3-db9b-4a88-be79-1de0f32b9d85",
              "isHook": false,
              "skipped": false
            },
            {
              "title": "修改一个用户的密码: 123456-999999-888888(true)",
              "fullTitle": "修改密码接口测试 修改一个用户的密码: 123456-999999-888888(true)",
              "timedOut": false,
              "duration": 0,
              "state": "passed",
              "speed": "fast",
              "pass": true,
              "fail": false,
              "pending": false,
              "context": null,
              "code": "request(\n  {\n    url: server + url,\n    method: 'POST',\n    headers: {\n      Accept: 'application/json',\n      'Content-Type': 'application/x-www-form-urlencoded'\n    },\n    body\n  },\n  function(error, response, body) {\n    const code = JSON.parse(body).code;\n    error && console.error(error.message);\n    isTrue && assert.equal(code, 200);\n    !isTrue && assert.notEqual(code, 200);\n    callback && callback(body);\n  }\n);",
              "err": {},
              "uuid": "b26c23e8-0894-465f-b252-f8364d2c75c8",
              "parentUUID": "43bebbe3-db9b-4a88-be79-1de0f32b9d85",
              "isHook": false,
              "skipped": false
            },
            {
              "title": "修改一个用户的密码: aaa-bbb-ccc(true)",
              "fullTitle": "修改密码接口测试 修改一个用户的密码: aaa-bbb-ccc(true)",
              "timedOut": false,
              "duration": 0,
              "state": "passed",
              "speed": "fast",
              "pass": true,
              "fail": false,
              "pending": false,
              "context": null,
              "code": "request(\n  {\n    url: server + url,\n    method: 'POST',\n    headers: {\n      Accept: 'application/json',\n      'Content-Type': 'application/x-www-form-urlencoded'\n    },\n    body\n  },\n  function(error, response, body) {\n    const code = JSON.parse(body).code;\n    error && console.error(error.message);\n    isTrue && assert.equal(code, 200);\n    !isTrue && assert.notEqual(code, 200);\n    callback && callback(body);\n  }\n);",
              "err": {},
              "uuid": "fd911a16-4633-4c9e-bb44-c7658246c5a5",
              "parentUUID": "43bebbe3-db9b-4a88-be79-1de0f32b9d85",
              "isHook": false,
              "skipped": false
            },
            {
              "title": "修改一个用户的密码: 666666-bbb-ccc(false)",
              "fullTitle": "修改密码接口测试 修改一个用户的密码: 666666-bbb-ccc(false)",
              "timedOut": false,
              "duration": 1,
              "state": "passed",
              "speed": "fast",
              "pass": true,
              "fail": false,
              "pending": false,
              "context": null,
              "code": "request(\n  {\n    url: server + url,\n    method: 'POST',\n    headers: {\n      Accept: 'application/json',\n      'Content-Type': 'application/x-www-form-urlencoded'\n    },\n    body\n  },\n  function(error, response, body) {\n    const code = JSON.parse(body).code;\n    error && console.error(error.message);\n    isTrue && assert.equal(code, 200);\n    !isTrue && assert.notEqual(code, 200);\n    callback && callback(body);\n  }\n);",
              "err": {},
              "uuid": "1c99eb1f-0c7f-42a7-992e-95740fa8801d",
              "parentUUID": "43bebbe3-db9b-4a88-be79-1de0f32b9d85",
              "isHook": false,
              "skipped": false
            },
            {
              "title": "修改一个用户的密码: 555555-bbb-ccc(false)",
              "fullTitle": "修改密码接口测试 修改一个用户的密码: 555555-bbb-ccc(false)",
              "timedOut": false,
              "duration": 0,
              "state": "passed",
              "speed": "fast",
              "pass": true,
              "fail": false,
              "pending": false,
              "context": null,
              "code": "request(\n  {\n    url: server + url,\n    method: 'POST',\n    headers: {\n      Accept: 'application/json',\n      'Content-Type': 'application/x-www-form-urlencoded'\n    },\n    body\n  },\n  function(error, response, body) {\n    const code = JSON.parse(body).code;\n    error && console.error(error.message);\n    isTrue && assert.equal(code, 200);\n    !isTrue && assert.notEqual(code, 200);\n    callback && callback(body);\n  }\n);",
              "err": {},
              "uuid": "88847c59-0565-4d12-baab-f2f0aa3dac46",
              "parentUUID": "43bebbe3-db9b-4a88-be79-1de0f32b9d85",
              "isHook": false,
              "skipped": false
            }
          ],
          "suites": [],
          "passes": [
            "fe690d47-f736-4f1f-877a-ece00b467e31",
            "b419935a-de49-4b01-bad4-3572538bf218",
            "b26c23e8-0894-465f-b252-f8364d2c75c8",
            "fd911a16-4633-4c9e-bb44-c7658246c5a5",
            "1c99eb1f-0c7f-42a7-992e-95740fa8801d",
            "88847c59-0565-4d12-baab-f2f0aa3dac46"
          ],
          "failures": [],
          "pending": [],
          "skipped": [],
          "duration": 1,
          "root": false,
          "rootEmpty": false,
          "_timeout": 2000
        },
        {
          "uuid": "db70d87a-0c3b-4365-be0d-c5dc62428752",
          "title": "修改昵称接口测试",
          "fullFile": "/Users/yuwen/Documents/xianyun-server/test/sql/modifyUserName.test.js",
          "file": "/modifyUserName.test.js",
          "beforeHooks": [],
          "afterHooks": [],
          "tests": [
            {
              "title": "修改一个用户的昵称: 123456-我是谁(true)",
              "fullTitle": "修改昵称接口测试 修改一个用户的昵称: 123456-我是谁(true)",
              "timedOut": false,
              "duration": 0,
              "state": "passed",
              "speed": "fast",
              "pass": true,
              "fail": false,
              "pending": false,
              "context": null,
              "code": "request(\n  {\n    url: server + url,\n    method: 'POST',\n    headers: {\n      Accept: 'application/json',\n      'Content-Type': 'application/x-www-form-urlencoded'\n    },\n    body\n  },\n  function(error, response, body) {\n    const code = JSON.parse(body).code;\n    error && console.error(error.message);\n    isTrue && assert.equal(code, 200);\n    !isTrue && assert.notEqual(code, 200);\n    callback && callback(body);\n  }\n);",
              "err": {},
              "uuid": "a54ec26b-4cce-4107-bbb1-bf90ae4a7cc5",
              "parentUUID": "db70d87a-0c3b-4365-be0d-c5dc62428752",
              "isHook": false,
              "skipped": false
            },
            {
              "title": "修改一个用户的昵称: aaa-无情的3Q人(true)",
              "fullTitle": "修改昵称接口测试 修改一个用户的昵称: aaa-无情的3Q人(true)",
              "timedOut": false,
              "duration": 0,
              "state": "passed",
              "speed": "fast",
              "pass": true,
              "fail": false,
              "pending": false,
              "context": null,
              "code": "request(\n  {\n    url: server + url,\n    method: 'POST',\n    headers: {\n      Accept: 'application/json',\n      'Content-Type': 'application/x-www-form-urlencoded'\n    },\n    body\n  },\n  function(error, response, body) {\n    const code = JSON.parse(body).code;\n    error && console.error(error.message);\n    isTrue && assert.equal(code, 200);\n    !isTrue && assert.notEqual(code, 200);\n    callback && callback(body);\n  }\n);",
              "err": {},
              "uuid": "b9a77108-4c4b-4474-86c5-5a18416760a6",
              "parentUUID": "db70d87a-0c3b-4365-be0d-c5dc62428752",
              "isHook": false,
              "skipped": false
            },
            {
              "title": "修改一个用户的昵称: admin-管理员叔叔(true)",
              "fullTitle": "修改昵称接口测试 修改一个用户的昵称: admin-管理员叔叔(true)",
              "timedOut": false,
              "duration": 0,
              "state": "passed",
              "speed": "fast",
              "pass": true,
              "fail": false,
              "pending": false,
              "context": null,
              "code": "request(\n  {\n    url: server + url,\n    method: 'POST',\n    headers: {\n      Accept: 'application/json',\n      'Content-Type': 'application/x-www-form-urlencoded'\n    },\n    body\n  },\n  function(error, response, body) {\n    const code = JSON.parse(body).code;\n    error && console.error(error.message);\n    isTrue && assert.equal(code, 200);\n    !isTrue && assert.notEqual(code, 200);\n    callback && callback(body);\n  }\n);",
              "err": {},
              "uuid": "b505d116-2ff6-49e6-9d34-453fd5e962ab",
              "parentUUID": "db70d87a-0c3b-4365-be0d-c5dc62428752",
              "isHook": false,
              "skipped": false
            },
            {
              "title": "修改一个用户的昵称: bbb-工具人(true)",
              "fullTitle": "修改昵称接口测试 修改一个用户的昵称: bbb-工具人(true)",
              "timedOut": false,
              "duration": 0,
              "state": "passed",
              "speed": "fast",
              "pass": true,
              "fail": false,
              "pending": false,
              "context": null,
              "code": "request(\n  {\n    url: server + url,\n    method: 'POST',\n    headers: {\n      Accept: 'application/json',\n      'Content-Type': 'application/x-www-form-urlencoded'\n    },\n    body\n  },\n  function(error, response, body) {\n    const code = JSON.parse(body).code;\n    error && console.error(error.message);\n    isTrue && assert.equal(code, 200);\n    !isTrue && assert.notEqual(code, 200);\n    callback && callback(body);\n  }\n);",
              "err": {},
              "uuid": "77380df2-687e-4a22-9d00-c2359fd81c7b",
              "parentUUID": "db70d87a-0c3b-4365-be0d-c5dc62428752",
              "isHook": false,
              "skipped": false
            },
            {
              "title": "修改一个用户的昵称: nothing-改个名字真南(false)",
              "fullTitle": "修改昵称接口测试 修改一个用户的昵称: nothing-改个名字真南(false)",
              "timedOut": false,
              "duration": 0,
              "state": "passed",
              "speed": "fast",
              "pass": true,
              "fail": false,
              "pending": false,
              "context": null,
              "code": "request(\n  {\n    url: server + url,\n    method: 'POST',\n    headers: {\n      Accept: 'application/json',\n      'Content-Type': 'application/x-www-form-urlencoded'\n    },\n    body\n  },\n  function(error, response, body) {\n    const code = JSON.parse(body).code;\n    error && console.error(error.message);\n    isTrue && assert.equal(code, 200);\n    !isTrue && assert.notEqual(code, 200);\n    callback && callback(body);\n  }\n);",
              "err": {},
              "uuid": "0c51dfbb-3886-4f8c-94d9-bb9b0d5183e1",
              "parentUUID": "db70d87a-0c3b-4365-be0d-c5dc62428752",
              "isHook": false,
              "skipped": false
            }
          ],
          "suites": [],
          "passes": [
            "a54ec26b-4cce-4107-bbb1-bf90ae4a7cc5",
            "b9a77108-4c4b-4474-86c5-5a18416760a6",
            "b505d116-2ff6-49e6-9d34-453fd5e962ab",
            "77380df2-687e-4a22-9d00-c2359fd81c7b",
            "0c51dfbb-3886-4f8c-94d9-bb9b0d5183e1"
          ],
          "failures": [],
          "pending": [],
          "skipped": [],
          "duration": 0,
          "root": false,
          "rootEmpty": false,
          "_timeout": 2000
        },
        {
          "uuid": "1dd1a847-e567-410c-82d5-d3d7e6207bc5",
          "title": "创建聊天室接口测试",
          "fullFile": "/Users/yuwen/Documents/xianyun-server/test/sql/createChatRoom.test.js",
          "file": "/createChatRoom.test.js",
          "beforeHooks": [],
          "afterHooks": [],
          "tests": [
            {
              "title": "创建聊天室: 红烧鱼头-美食-123456-50(true)",
              "fullTitle": "创建聊天室接口测试 创建聊天室: 红烧鱼头-美食-123456-50(true)",
              "timedOut": false,
              "duration": 0,
              "state": "passed",
              "speed": "fast",
              "pass": true,
              "fail": false,
              "pending": false,
              "context": null,
              "code": "request(\n  {\n    url: server + url,\n    method: 'POST',\n    headers: {\n      Accept: 'application/json',\n      'Content-Type': 'application/x-www-form-urlencoded'\n    },\n    body\n  },\n  function(error, response, body) {\n    const code = JSON.parse(body).code;\n    error && console.error(error.message);\n    isTrue && assert.equal(code, 200);\n    !isTrue && assert.notEqual(code, 200);\n    callback && callback(body);\n  }\n);",
              "err": {},
              "uuid": "ed722a86-6b61-43df-95f6-cdc0a1fb3ba1",
              "parentUUID": "1dd1a847-e567-410c-82d5-d3d7e6207bc5",
              "isHook": false,
              "skipped": false
            },
            {
              "title": "创建聊天室: 麻辣鸡丁-美食-123456-30(true)",
              "fullTitle": "创建聊天室接口测试 创建聊天室: 麻辣鸡丁-美食-123456-30(true)",
              "timedOut": false,
              "duration": 1,
              "state": "passed",
              "speed": "fast",
              "pass": true,
              "fail": false,
              "pending": false,
              "context": null,
              "code": "request(\n  {\n    url: server + url,\n    method: 'POST',\n    headers: {\n      Accept: 'application/json',\n      'Content-Type': 'application/x-www-form-urlencoded'\n    },\n    body\n  },\n  function(error, response, body) {\n    const code = JSON.parse(body).code;\n    error && console.error(error.message);\n    isTrue && assert.equal(code, 200);\n    !isTrue && assert.notEqual(code, 200);\n    callback && callback(body);\n  }\n);",
              "err": {},
              "uuid": "be092ef4-7f3e-4325-bec1-6456fe787769",
              "parentUUID": "1dd1a847-e567-410c-82d5-d3d7e6207bc5",
              "isHook": false,
              "skipped": false
            },
            {
              "title": "创建聊天室: 考研一定上岸！-校园-aaa-10(true)",
              "fullTitle": "创建聊天室接口测试 创建聊天室: 考研一定上岸！-校园-aaa-10(true)",
              "timedOut": false,
              "duration": 0,
              "state": "passed",
              "speed": "fast",
              "pass": true,
              "fail": false,
              "pending": false,
              "context": null,
              "code": "request(\n  {\n    url: server + url,\n    method: 'POST',\n    headers: {\n      Accept: 'application/json',\n      'Content-Type': 'application/x-www-form-urlencoded'\n    },\n    body\n  },\n  function(error, response, body) {\n    const code = JSON.parse(body).code;\n    error && console.error(error.message);\n    isTrue && assert.equal(code, 200);\n    !isTrue && assert.notEqual(code, 200);\n    callback && callback(body);\n  }\n);",
              "err": {},
              "uuid": "c1a9ab94-a89f-4932-85e0-159f04a198d3",
              "parentUUID": "1dd1a847-e567-410c-82d5-d3d7e6207bc5",
              "isHook": false,
              "skipped": false
            },
            {
              "title": "创建聊天室: 全球某工商表白墙-校园-admin-10(true)",
              "fullTitle": "创建聊天室接口测试 创建聊天室: 全球某工商表白墙-校园-admin-10(true)",
              "timedOut": false,
              "duration": 0,
              "state": "passed",
              "speed": "fast",
              "pass": true,
              "fail": false,
              "pending": false,
              "context": null,
              "code": "request(\n  {\n    url: server + url,\n    method: 'POST',\n    headers: {\n      Accept: 'application/json',\n      'Content-Type': 'application/x-www-form-urlencoded'\n    },\n    body\n  },\n  function(error, response, body) {\n    const code = JSON.parse(body).code;\n    error && console.error(error.message);\n    isTrue && assert.equal(code, 200);\n    !isTrue && assert.notEqual(code, 200);\n    callback && callback(body);\n  }\n);",
              "err": {},
              "uuid": "fdf72856-cb47-47b1-bbca-6729c8fa1055",
              "parentUUID": "1dd1a847-e567-410c-82d5-d3d7e6207bc5",
              "isHook": false,
              "skipped": false
            },
            {
              "title": "创建聊天室: 王者开黑007-游戏-admin-0(true)",
              "fullTitle": "创建聊天室接口测试 创建聊天室: 王者开黑007-游戏-admin-0(true)",
              "timedOut": false,
              "duration": 0,
              "state": "passed",
              "speed": "fast",
              "pass": true,
              "fail": false,
              "pending": false,
              "context": null,
              "code": "request(\n  {\n    url: server + url,\n    method: 'POST',\n    headers: {\n      Accept: 'application/json',\n      'Content-Type': 'application/x-www-form-urlencoded'\n    },\n    body\n  },\n  function(error, response, body) {\n    const code = JSON.parse(body).code;\n    error && console.error(error.message);\n    isTrue && assert.equal(code, 200);\n    !isTrue && assert.notEqual(code, 200);\n    callback && callback(body);\n  }\n);",
              "err": {},
              "uuid": "f1c67f2d-6685-44b5-98b1-75a109ee3528",
              "parentUUID": "1dd1a847-e567-410c-82d5-d3d7e6207bc5",
              "isHook": false,
              "skipped": false
            },
            {
              "title": "创建聊天室: 母猪的产后护理-科技-react-false(undefined)",
              "fullTitle": "创建聊天室接口测试 创建聊天室: 母猪的产后护理-科技-react-false(undefined)",
              "timedOut": false,
              "duration": 0,
              "state": "passed",
              "speed": "fast",
              "pass": true,
              "fail": false,
              "pending": false,
              "context": null,
              "code": "request(\n  {\n    url: server + url,\n    method: 'POST',\n    headers: {\n      Accept: 'application/json',\n      'Content-Type': 'application/x-www-form-urlencoded'\n    },\n    body\n  },\n  function(error, response, body) {\n    const code = JSON.parse(body).code;\n    error && console.error(error.message);\n    isTrue && assert.equal(code, 200);\n    !isTrue && assert.notEqual(code, 200);\n    callback && callback(body);\n  }\n);",
              "err": {},
              "uuid": "dc03a1a2-6437-4037-b921-460baf467d2d",
              "parentUUID": "1dd1a847-e567-410c-82d5-d3d7e6207bc5",
              "isHook": false,
              "skipped": false
            }
          ],
          "suites": [],
          "passes": [
            "ed722a86-6b61-43df-95f6-cdc0a1fb3ba1",
            "be092ef4-7f3e-4325-bec1-6456fe787769",
            "c1a9ab94-a89f-4932-85e0-159f04a198d3",
            "fdf72856-cb47-47b1-bbca-6729c8fa1055",
            "f1c67f2d-6685-44b5-98b1-75a109ee3528",
            "dc03a1a2-6437-4037-b921-460baf467d2d"
          ],
          "failures": [],
          "pending": [],
          "skipped": [],
          "duration": 1,
          "root": false,
          "rootEmpty": false,
          "_timeout": 2000
        },
        {
          "uuid": "5d5d859d-2200-4606-ab8a-0acf19e0bd2b",
          "title": "通过分类获取聊天室信息接口测试",
          "fullFile": "/Users/yuwen/Documents/xianyun-server/test/sql/getChatRoomByClass.test.js",
          "file": "/getChatRoomByClass.test.js",
          "beforeHooks": [],
          "afterHooks": [],
          "tests": [
            {
              "title": "通过分类获取聊天室: 美食(true)",
              "fullTitle": "通过分类获取聊天室信息接口测试 通过分类获取聊天室: 美食(true)",
              "timedOut": false,
              "duration": 0,
              "state": "passed",
              "speed": "fast",
              "pass": true,
              "fail": false,
              "pending": false,
              "context": null,
              "code": "request(\n  {\n    url: server + url,\n    method: 'POST',\n    headers: {\n      Accept: 'application/json',\n      'Content-Type': 'application/x-www-form-urlencoded'\n    },\n    body\n  },\n  function(error, response, body) {\n    const code = JSON.parse(body).code;\n    error && console.error(error.message);\n    isTrue && assert.equal(code, 200);\n    !isTrue && assert.notEqual(code, 200);\n    callback && callback(body);\n  }\n);",
              "err": {},
              "uuid": "f9fc1eca-2b31-49f8-92e5-fb5c4392040e",
              "parentUUID": "5d5d859d-2200-4606-ab8a-0acf19e0bd2b",
              "isHook": false,
              "skipped": false
            },
            {
              "title": "通过分类获取聊天室: 校园(true)",
              "fullTitle": "通过分类获取聊天室信息接口测试 通过分类获取聊天室: 校园(true)",
              "timedOut": false,
              "duration": 0,
              "state": "passed",
              "speed": "fast",
              "pass": true,
              "fail": false,
              "pending": false,
              "context": null,
              "code": "request(\n  {\n    url: server + url,\n    method: 'POST',\n    headers: {\n      Accept: 'application/json',\n      'Content-Type': 'application/x-www-form-urlencoded'\n    },\n    body\n  },\n  function(error, response, body) {\n    const code = JSON.parse(body).code;\n    error && console.error(error.message);\n    isTrue && assert.equal(code, 200);\n    !isTrue && assert.notEqual(code, 200);\n    callback && callback(body);\n  }\n);",
              "err": {},
              "uuid": "18180ed4-3332-4cbf-9e08-1095c4c8a6a9",
              "parentUUID": "5d5d859d-2200-4606-ab8a-0acf19e0bd2b",
              "isHook": false,
              "skipped": false
            },
            {
              "title": "通过分类获取聊天室: 游戏(true)",
              "fullTitle": "通过分类获取聊天室信息接口测试 通过分类获取聊天室: 游戏(true)",
              "timedOut": false,
              "duration": 0,
              "state": "passed",
              "speed": "fast",
              "pass": true,
              "fail": false,
              "pending": false,
              "context": null,
              "code": "request(\n  {\n    url: server + url,\n    method: 'POST',\n    headers: {\n      Accept: 'application/json',\n      'Content-Type': 'application/x-www-form-urlencoded'\n    },\n    body\n  },\n  function(error, response, body) {\n    const code = JSON.parse(body).code;\n    error && console.error(error.message);\n    isTrue && assert.equal(code, 200);\n    !isTrue && assert.notEqual(code, 200);\n    callback && callback(body);\n  }\n);",
              "err": {},
              "uuid": "d4833954-67fc-4a2b-865e-20a81d26b268",
              "parentUUID": "5d5d859d-2200-4606-ab8a-0acf19e0bd2b",
              "isHook": false,
              "skipped": false
            },
            {
              "title": "通过分类获取聊天室: (false)",
              "fullTitle": "通过分类获取聊天室信息接口测试 通过分类获取聊天室: (false)",
              "timedOut": false,
              "duration": 1,
              "state": "passed",
              "speed": "fast",
              "pass": true,
              "fail": false,
              "pending": false,
              "context": null,
              "code": "request(\n  {\n    url: server + url,\n    method: 'POST',\n    headers: {\n      Accept: 'application/json',\n      'Content-Type': 'application/x-www-form-urlencoded'\n    },\n    body\n  },\n  function(error, response, body) {\n    const code = JSON.parse(body).code;\n    error && console.error(error.message);\n    isTrue && assert.equal(code, 200);\n    !isTrue && assert.notEqual(code, 200);\n    callback && callback(body);\n  }\n);",
              "err": {},
              "uuid": "9f1cae78-ed0a-4a0d-bc28-4843c0ae1886",
              "parentUUID": "5d5d859d-2200-4606-ab8a-0acf19e0bd2b",
              "isHook": false,
              "skipped": false
            },
            {
              "title": "通过分类获取聊天室: 科技(false)",
              "fullTitle": "通过分类获取聊天室信息接口测试 通过分类获取聊天室: 科技(false)",
              "timedOut": false,
              "duration": 0,
              "state": "passed",
              "speed": "fast",
              "pass": true,
              "fail": false,
              "pending": false,
              "context": null,
              "code": "request(\n  {\n    url: server + url,\n    method: 'POST',\n    headers: {\n      Accept: 'application/json',\n      'Content-Type': 'application/x-www-form-urlencoded'\n    },\n    body\n  },\n  function(error, response, body) {\n    const code = JSON.parse(body).code;\n    error && console.error(error.message);\n    isTrue && assert.equal(code, 200);\n    !isTrue && assert.notEqual(code, 200);\n    callback && callback(body);\n  }\n);",
              "err": {},
              "uuid": "4bad8f4d-d303-4033-8153-570a969a41e1",
              "parentUUID": "5d5d859d-2200-4606-ab8a-0acf19e0bd2b",
              "isHook": false,
              "skipped": false
            },
            {
              "title": "通过分类获取聊天室: 这是一个不存在的分类(false)",
              "fullTitle": "通过分类获取聊天室信息接口测试 通过分类获取聊天室: 这是一个不存在的分类(false)",
              "timedOut": false,
              "duration": 0,
              "state": "passed",
              "speed": "fast",
              "pass": true,
              "fail": false,
              "pending": false,
              "context": null,
              "code": "request(\n  {\n    url: server + url,\n    method: 'POST',\n    headers: {\n      Accept: 'application/json',\n      'Content-Type': 'application/x-www-form-urlencoded'\n    },\n    body\n  },\n  function(error, response, body) {\n    const code = JSON.parse(body).code;\n    error && console.error(error.message);\n    isTrue && assert.equal(code, 200);\n    !isTrue && assert.notEqual(code, 200);\n    callback && callback(body);\n  }\n);",
              "err": {},
              "uuid": "5c152fa7-e8d5-4f52-bb59-eb20578c4a50",
              "parentUUID": "5d5d859d-2200-4606-ab8a-0acf19e0bd2b",
              "isHook": false,
              "skipped": false
            },
            {
              "title": "通过分类获取聊天室: abcdedghijklmn(false)",
              "fullTitle": "通过分类获取聊天室信息接口测试 通过分类获取聊天室: abcdedghijklmn(false)",
              "timedOut": false,
              "duration": 0,
              "state": "passed",
              "speed": "fast",
              "pass": true,
              "fail": false,
              "pending": false,
              "context": null,
              "code": "request(\n  {\n    url: server + url,\n    method: 'POST',\n    headers: {\n      Accept: 'application/json',\n      'Content-Type': 'application/x-www-form-urlencoded'\n    },\n    body\n  },\n  function(error, response, body) {\n    const code = JSON.parse(body).code;\n    error && console.error(error.message);\n    isTrue && assert.equal(code, 200);\n    !isTrue && assert.notEqual(code, 200);\n    callback && callback(body);\n  }\n);",
              "err": {},
              "uuid": "b6c0041e-2113-42af-8a97-89c5bfe1992b",
              "parentUUID": "5d5d859d-2200-4606-ab8a-0acf19e0bd2b",
              "isHook": false,
              "skipped": false
            }
          ],
          "suites": [],
          "passes": [
            "f9fc1eca-2b31-49f8-92e5-fb5c4392040e",
            "18180ed4-3332-4cbf-9e08-1095c4c8a6a9",
            "d4833954-67fc-4a2b-865e-20a81d26b268",
            "9f1cae78-ed0a-4a0d-bc28-4843c0ae1886",
            "4bad8f4d-d303-4033-8153-570a969a41e1",
            "5c152fa7-e8d5-4f52-bb59-eb20578c4a50",
            "b6c0041e-2113-42af-8a97-89c5bfe1992b"
          ],
          "failures": [],
          "pending": [],
          "skipped": [],
          "duration": 1,
          "root": false,
          "rootEmpty": false,
          "_timeout": 2000
        },
        {
          "uuid": "67379f60-b8a5-4696-8070-2f9bb419760e",
          "title": "通过ID获取聊天室信息接口测试",
          "fullFile": "/Users/yuwen/Documents/xianyun-server/test/sql/getChatRoomByID.test.js",
          "file": "/getChatRoomByID.test.js",
          "beforeHooks": [],
          "afterHooks": [],
          "tests": [
            {
              "title": "通过ID获取聊天室: 1(true)",
              "fullTitle": "通过ID获取聊天室信息接口测试 通过ID获取聊天室: 1(true)",
              "timedOut": false,
              "duration": 1,
              "state": "passed",
              "speed": "fast",
              "pass": true,
              "fail": false,
              "pending": false,
              "context": null,
              "code": "request(\n  {\n    url: server + url,\n    method: 'POST',\n    headers: {\n      Accept: 'application/json',\n      'Content-Type': 'application/x-www-form-urlencoded'\n    },\n    body\n  },\n  function(error, response, body) {\n    const code = JSON.parse(body).code;\n    error && console.error(error.message);\n    isTrue && assert.equal(code, 200);\n    !isTrue && assert.notEqual(code, 200);\n    callback && callback(body);\n  }\n);",
              "err": {},
              "uuid": "4773bf89-7fed-4067-90d9-e454ff15cb79",
              "parentUUID": "67379f60-b8a5-4696-8070-2f9bb419760e",
              "isHook": false,
              "skipped": false
            },
            {
              "title": "通过ID获取聊天室: 3(true)",
              "fullTitle": "通过ID获取聊天室信息接口测试 通过ID获取聊天室: 3(true)",
              "timedOut": false,
              "duration": 0,
              "state": "passed",
              "speed": "fast",
              "pass": true,
              "fail": false,
              "pending": false,
              "context": null,
              "code": "request(\n  {\n    url: server + url,\n    method: 'POST',\n    headers: {\n      Accept: 'application/json',\n      'Content-Type': 'application/x-www-form-urlencoded'\n    },\n    body\n  },\n  function(error, response, body) {\n    const code = JSON.parse(body).code;\n    error && console.error(error.message);\n    isTrue && assert.equal(code, 200);\n    !isTrue && assert.notEqual(code, 200);\n    callback && callback(body);\n  }\n);",
              "err": {},
              "uuid": "3f86cf08-b0da-4dab-8137-a02a00d21992",
              "parentUUID": "67379f60-b8a5-4696-8070-2f9bb419760e",
              "isHook": false,
              "skipped": false
            },
            {
              "title": "通过ID获取聊天室: 5(true)",
              "fullTitle": "通过ID获取聊天室信息接口测试 通过ID获取聊天室: 5(true)",
              "timedOut": false,
              "duration": 0,
              "state": "passed",
              "speed": "fast",
              "pass": true,
              "fail": false,
              "pending": false,
              "context": null,
              "code": "request(\n  {\n    url: server + url,\n    method: 'POST',\n    headers: {\n      Accept: 'application/json',\n      'Content-Type': 'application/x-www-form-urlencoded'\n    },\n    body\n  },\n  function(error, response, body) {\n    const code = JSON.parse(body).code;\n    error && console.error(error.message);\n    isTrue && assert.equal(code, 200);\n    !isTrue && assert.notEqual(code, 200);\n    callback && callback(body);\n  }\n);",
              "err": {},
              "uuid": "330ef436-100d-410c-8f3f-bb74c637f7ac",
              "parentUUID": "67379f60-b8a5-4696-8070-2f9bb419760e",
              "isHook": false,
              "skipped": false
            },
            {
              "title": "通过ID获取聊天室: 888888888(false)",
              "fullTitle": "通过ID获取聊天室信息接口测试 通过ID获取聊天室: 888888888(false)",
              "timedOut": false,
              "duration": 1,
              "state": "passed",
              "speed": "fast",
              "pass": true,
              "fail": false,
              "pending": false,
              "context": null,
              "code": "request(\n  {\n    url: server + url,\n    method: 'POST',\n    headers: {\n      Accept: 'application/json',\n      'Content-Type': 'application/x-www-form-urlencoded'\n    },\n    body\n  },\n  function(error, response, body) {\n    const code = JSON.parse(body).code;\n    error && console.error(error.message);\n    isTrue && assert.equal(code, 200);\n    !isTrue && assert.notEqual(code, 200);\n    callback && callback(body);\n  }\n);",
              "err": {},
              "uuid": "6466a221-c14b-404a-9e01-16c85e19d7ea",
              "parentUUID": "67379f60-b8a5-4696-8070-2f9bb419760e",
              "isHook": false,
              "skipped": false
            },
            {
              "title": "通过ID获取聊天室: 999999999(false)",
              "fullTitle": "通过ID获取聊天室信息接口测试 通过ID获取聊天室: 999999999(false)",
              "timedOut": false,
              "duration": 0,
              "state": "passed",
              "speed": "fast",
              "pass": true,
              "fail": false,
              "pending": false,
              "context": null,
              "code": "request(\n  {\n    url: server + url,\n    method: 'POST',\n    headers: {\n      Accept: 'application/json',\n      'Content-Type': 'application/x-www-form-urlencoded'\n    },\n    body\n  },\n  function(error, response, body) {\n    const code = JSON.parse(body).code;\n    error && console.error(error.message);\n    isTrue && assert.equal(code, 200);\n    !isTrue && assert.notEqual(code, 200);\n    callback && callback(body);\n  }\n);",
              "err": {},
              "uuid": "80e31b0a-89c9-4bb2-9b85-ea120c478495",
              "parentUUID": "67379f60-b8a5-4696-8070-2f9bb419760e",
              "isHook": false,
              "skipped": false
            },
            {
              "title": "通过ID获取聊天室: 123456789(false)",
              "fullTitle": "通过ID获取聊天室信息接口测试 通过ID获取聊天室: 123456789(false)",
              "timedOut": false,
              "duration": 0,
              "state": "passed",
              "speed": "fast",
              "pass": true,
              "fail": false,
              "pending": false,
              "context": null,
              "code": "request(\n  {\n    url: server + url,\n    method: 'POST',\n    headers: {\n      Accept: 'application/json',\n      'Content-Type': 'application/x-www-form-urlencoded'\n    },\n    body\n  },\n  function(error, response, body) {\n    const code = JSON.parse(body).code;\n    error && console.error(error.message);\n    isTrue && assert.equal(code, 200);\n    !isTrue && assert.notEqual(code, 200);\n    callback && callback(body);\n  }\n);",
              "err": {},
              "uuid": "bb202bc4-c6ee-45e9-a6f5-38b88b231c05",
              "parentUUID": "67379f60-b8a5-4696-8070-2f9bb419760e",
              "isHook": false,
              "skipped": false
            },
            {
              "title": "通过ID获取聊天室: 987654321(false)",
              "fullTitle": "通过ID获取聊天室信息接口测试 通过ID获取聊天室: 987654321(false)",
              "timedOut": false,
              "duration": 0,
              "state": "passed",
              "speed": "fast",
              "pass": true,
              "fail": false,
              "pending": false,
              "context": null,
              "code": "request(\n  {\n    url: server + url,\n    method: 'POST',\n    headers: {\n      Accept: 'application/json',\n      'Content-Type': 'application/x-www-form-urlencoded'\n    },\n    body\n  },\n  function(error, response, body) {\n    const code = JSON.parse(body).code;\n    error && console.error(error.message);\n    isTrue && assert.equal(code, 200);\n    !isTrue && assert.notEqual(code, 200);\n    callback && callback(body);\n  }\n);",
              "err": {},
              "uuid": "5d8e4060-f28e-4b73-b57c-6885e1899762",
              "parentUUID": "67379f60-b8a5-4696-8070-2f9bb419760e",
              "isHook": false,
              "skipped": false
            }
          ],
          "suites": [],
          "passes": [
            "4773bf89-7fed-4067-90d9-e454ff15cb79",
            "3f86cf08-b0da-4dab-8137-a02a00d21992",
            "330ef436-100d-410c-8f3f-bb74c637f7ac",
            "6466a221-c14b-404a-9e01-16c85e19d7ea",
            "80e31b0a-89c9-4bb2-9b85-ea120c478495",
            "bb202bc4-c6ee-45e9-a6f5-38b88b231c05",
            "5d8e4060-f28e-4b73-b57c-6885e1899762"
          ],
          "failures": [],
          "pending": [],
          "skipped": [],
          "duration": 2,
          "root": false,
          "rootEmpty": false,
          "_timeout": 2000
        },
        {
          "uuid": "c9104155-8734-49f6-8bd1-5b7791130a7e",
          "title": "发送信息接口测试",
          "fullFile": "/Users/yuwen/Documents/xianyun-server/test/sql/createMessage.test.js",
          "file": "/createMessage.test.js",
          "beforeHooks": [],
          "afterHooks": [],
          "tests": [
            {
              "title": "发送 7 条消息",
              "fullTitle": "发送信息接口测试 发送 7 条消息",
              "timedOut": false,
              "duration": 57,
              "state": "passed",
              "speed": "medium",
              "pass": true,
              "fail": false,
              "pending": false,
              "context": null,
              "code": "let count = 0;\nsocket.on('serverToClient', (message) => {\n  const isTrue = data[message.extra.index][3];\n  isTrue && assert.equal(message.code, undefined);\n  !isTrue && assert.notEqual(message.code, 200);\n  if (++count === data.length) {\n    socket.disconnect();\n    done();\n  }\n});\ndata.forEach((item, i) => {\n  socket.emit('subscribe', {roomID: item[0]});\n  socket.emit('clientToServer', {\n    roomID: item[0],\n    userID: item[1],\n    content: item[2],\n    extra: {index: i}\n  });\n});",
              "err": {},
              "uuid": "a4611984-b367-4984-9d5e-2de89c1b8629",
              "parentUUID": "c9104155-8734-49f6-8bd1-5b7791130a7e",
              "isHook": false,
              "skipped": false
            }
          ],
          "suites": [],
          "passes": [
            "a4611984-b367-4984-9d5e-2de89c1b8629"
          ],
          "failures": [],
          "pending": [],
          "skipped": [],
          "duration": 57,
          "root": false,
          "rootEmpty": false,
          "_timeout": 2000
        },
        {
          "uuid": "d73b54d1-247a-4c4f-984f-7ee31b2a73c0",
          "title": "获取聊天历史",
          "fullFile": "/Users/yuwen/Documents/xianyun-server/test/sql/getChatHistory.test.js",
          "file": "/getChatHistory.test.js",
          "beforeHooks": [],
          "afterHooks": [],
          "tests": [
            {
              "title": "获取聊天历史: 1-3(true)",
              "fullTitle": "获取聊天历史 获取聊天历史: 1-3(true)",
              "timedOut": false,
              "duration": 0,
              "state": "passed",
              "speed": "fast",
              "pass": true,
              "fail": false,
              "pending": false,
              "context": null,
              "code": "request(\n  {\n    url: server + url,\n    method: 'POST',\n    headers: {\n      Accept: 'application/json',\n      'Content-Type': 'application/x-www-form-urlencoded'\n    },\n    body\n  },\n  function(error, response, body) {\n    const code = JSON.parse(body).code;\n    error && console.error(error.message);\n    isTrue && assert.equal(code, 200);\n    !isTrue && assert.notEqual(code, 200);\n    callback && callback(body);\n  }\n);",
              "err": {},
              "uuid": "e5ce4530-c034-43f2-8a4b-691509d762cf",
              "parentUUID": "d73b54d1-247a-4c4f-984f-7ee31b2a73c0",
              "isHook": false,
              "skipped": false
            },
            {
              "title": "获取聊天历史: 1-1314(true)",
              "fullTitle": "获取聊天历史 获取聊天历史: 1-1314(true)",
              "timedOut": false,
              "duration": 0,
              "state": "passed",
              "speed": "fast",
              "pass": true,
              "fail": false,
              "pending": false,
              "context": null,
              "code": "request(\n  {\n    url: server + url,\n    method: 'POST',\n    headers: {\n      Accept: 'application/json',\n      'Content-Type': 'application/x-www-form-urlencoded'\n    },\n    body\n  },\n  function(error, response, body) {\n    const code = JSON.parse(body).code;\n    error && console.error(error.message);\n    isTrue && assert.equal(code, 200);\n    !isTrue && assert.notEqual(code, 200);\n    callback && callback(body);\n  }\n);",
              "err": {},
              "uuid": "03537569-b927-4477-8bdb-42ecad61384f",
              "parentUUID": "d73b54d1-247a-4c4f-984f-7ee31b2a73c0",
              "isHook": false,
              "skipped": false
            },
            {
              "title": "获取聊天历史: 1-0(false)",
              "fullTitle": "获取聊天历史 获取聊天历史: 1-0(false)",
              "timedOut": false,
              "duration": 0,
              "state": "passed",
              "speed": "fast",
              "pass": true,
              "fail": false,
              "pending": false,
              "context": null,
              "code": "request(\n  {\n    url: server + url,\n    method: 'POST',\n    headers: {\n      Accept: 'application/json',\n      'Content-Type': 'application/x-www-form-urlencoded'\n    },\n    body\n  },\n  function(error, response, body) {\n    const code = JSON.parse(body).code;\n    error && console.error(error.message);\n    isTrue && assert.equal(code, 200);\n    !isTrue && assert.notEqual(code, 200);\n    callback && callback(body);\n  }\n);",
              "err": {},
              "uuid": "359b3a07-3a74-4160-b07f-170fce36c4ad",
              "parentUUID": "d73b54d1-247a-4c4f-984f-7ee31b2a73c0",
              "isHook": false,
              "skipped": false
            },
            {
              "title": "获取聊天历史: 2-2(true)",
              "fullTitle": "获取聊天历史 获取聊天历史: 2-2(true)",
              "timedOut": false,
              "duration": 0,
              "state": "passed",
              "speed": "fast",
              "pass": true,
              "fail": false,
              "pending": false,
              "context": null,
              "code": "request(\n  {\n    url: server + url,\n    method: 'POST',\n    headers: {\n      Accept: 'application/json',\n      'Content-Type': 'application/x-www-form-urlencoded'\n    },\n    body\n  },\n  function(error, response, body) {\n    const code = JSON.parse(body).code;\n    error && console.error(error.message);\n    isTrue && assert.equal(code, 200);\n    !isTrue && assert.notEqual(code, 200);\n    callback && callback(body);\n  }\n);",
              "err": {},
              "uuid": "075b2d3d-8774-4264-ab26-a67e0ceca48a",
              "parentUUID": "d73b54d1-247a-4c4f-984f-7ee31b2a73c0",
              "isHook": false,
              "skipped": false
            },
            {
              "title": "获取聊天历史: 3-10(false)",
              "fullTitle": "获取聊天历史 获取聊天历史: 3-10(false)",
              "timedOut": false,
              "duration": 0,
              "state": "passed",
              "speed": "fast",
              "pass": true,
              "fail": false,
              "pending": false,
              "context": null,
              "code": "request(\n  {\n    url: server + url,\n    method: 'POST',\n    headers: {\n      Accept: 'application/json',\n      'Content-Type': 'application/x-www-form-urlencoded'\n    },\n    body\n  },\n  function(error, response, body) {\n    const code = JSON.parse(body).code;\n    error && console.error(error.message);\n    isTrue && assert.equal(code, 200);\n    !isTrue && assert.notEqual(code, 200);\n    callback && callback(body);\n  }\n);",
              "err": {},
              "uuid": "c459b225-23d4-4ee5-9716-440b17f4b08a",
              "parentUUID": "d73b54d1-247a-4c4f-984f-7ee31b2a73c0",
              "isHook": false,
              "skipped": false
            },
            {
              "title": "获取聊天历史: 999-999(false)",
              "fullTitle": "获取聊天历史 获取聊天历史: 999-999(false)",
              "timedOut": false,
              "duration": 0,
              "state": "passed",
              "speed": "fast",
              "pass": true,
              "fail": false,
              "pending": false,
              "context": null,
              "code": "request(\n  {\n    url: server + url,\n    method: 'POST',\n    headers: {\n      Accept: 'application/json',\n      'Content-Type': 'application/x-www-form-urlencoded'\n    },\n    body\n  },\n  function(error, response, body) {\n    const code = JSON.parse(body).code;\n    error && console.error(error.message);\n    isTrue && assert.equal(code, 200);\n    !isTrue && assert.notEqual(code, 200);\n    callback && callback(body);\n  }\n);",
              "err": {},
              "uuid": "3517b5ad-2a16-45ae-ab49-6152757fc7e6",
              "parentUUID": "d73b54d1-247a-4c4f-984f-7ee31b2a73c0",
              "isHook": false,
              "skipped": false
            },
            {
              "title": "获取聊天历史: 1234-1234(false)",
              "fullTitle": "获取聊天历史 获取聊天历史: 1234-1234(false)",
              "timedOut": false,
              "duration": 2,
              "state": "passed",
              "speed": "fast",
              "pass": true,
              "fail": false,
              "pending": false,
              "context": null,
              "code": "request(\n  {\n    url: server + url,\n    method: 'POST',\n    headers: {\n      Accept: 'application/json',\n      'Content-Type': 'application/x-www-form-urlencoded'\n    },\n    body\n  },\n  function(error, response, body) {\n    const code = JSON.parse(body).code;\n    error && console.error(error.message);\n    isTrue && assert.equal(code, 200);\n    !isTrue && assert.notEqual(code, 200);\n    callback && callback(body);\n  }\n);",
              "err": {},
              "uuid": "0a2bc2c0-9a50-4e85-8a7d-2ce3496dbdcc",
              "parentUUID": "d73b54d1-247a-4c4f-984f-7ee31b2a73c0",
              "isHook": false,
              "skipped": false
            }
          ],
          "suites": [],
          "passes": [
            "e5ce4530-c034-43f2-8a4b-691509d762cf",
            "03537569-b927-4477-8bdb-42ecad61384f",
            "359b3a07-3a74-4160-b07f-170fce36c4ad",
            "075b2d3d-8774-4264-ab26-a67e0ceca48a",
            "c459b225-23d4-4ee5-9716-440b17f4b08a",
            "3517b5ad-2a16-45ae-ab49-6152757fc7e6",
            "0a2bc2c0-9a50-4e85-8a7d-2ce3496dbdcc"
          ],
          "failures": [],
          "pending": [],
          "skipped": [],
          "duration": 2,
          "root": false,
          "rootEmpty": false,
          "_timeout": 2000
        }
      ],
      "passes": [],
      "failures": [],
      "pending": [],
      "skipped": [],
      "duration": 0,
      "root": true,
      "rootEmpty": true,
      "_timeout": 2000
    }
  ],
  "meta": {
    "mocha": {
      "version": "8.2.0"
    },
    "mochawesome": {
      "options": {
        "quiet": false,
        "reportFilename": "mochawesome",
        "saveHtml": true,
        "saveJson": true,
        "consoleReporter": "spec",
        "useInlineDiffs": false,
        "code": true
      },
      "version": "6.2.1"
    },
    "marge": {
      "options": null,
      "version": "5.1.0"
    }
  }
}